2017-05-18 13:29:51.073 -05:00 [Fatal] Failed to create client channel to server.
System.ServiceModel.EndpointNotFoundException: There was no endpoint listening at net.pipe://localhost/chocolateygui that could accept the message. This is often caused by an incorrect address or SOAP action. See InnerException, if present, for more details. ---> System.IO.PipeException: The pipe endpoint 'net.pipe://localhost/chocolateygui' could not be found on your local machine. 
   --- End of inner exception stack trace ---

Server stack trace: 
   at System.ServiceModel.Channels.PipeConnectionInitiator.GetPipeName(Uri uri, IPipeTransportFactorySettings transportFactorySettings)
   at System.ServiceModel.Channels.NamedPipeConnectionPoolRegistry.NamedPipeConnectionPool.GetPoolKey(EndpointAddress address, Uri via)
   at System.ServiceModel.Channels.CommunicationPool`2.TakeConnection(EndpointAddress address, Uri via, TimeSpan timeout, TKey& key)
   at System.ServiceModel.Channels.ConnectionPoolHelper.EstablishConnection(TimeSpan timeout)
   at System.ServiceModel.Channels.ClientFramingDuplexSessionChannel.OnOpen(TimeSpan timeout)
   at System.ServiceModel.Channels.CommunicationObject.Open(TimeSpan timeout)
   at System.ServiceModel.Channels.ServiceChannel.OnOpen(TimeSpan timeout)
   at System.ServiceModel.Channels.CommunicationObject.Open(TimeSpan timeout)
   at System.ServiceModel.Channels.ServiceChannel.CallOpenOnce.System.ServiceModel.Channels.ServiceChannel.ICallOnce.Call(ServiceChannel channel, TimeSpan timeout)
   at System.ServiceModel.Channels.ServiceChannel.CallOnceManager.CallOnce(TimeSpan timeout, CallOnceManager cascade)
   at System.ServiceModel.Channels.ServiceChannel.Call(String action, Boolean oneway, ProxyOperationRuntime operation, Object[] ins, Object[] outs, TimeSpan timeout)
   at System.ServiceModel.Channels.ServiceChannelProxy.InvokeService(IMethodCallMessage methodCall, ProxyOperationRuntime operation)
   at System.ServiceModel.Channels.ServiceChannelProxy.Invoke(IMessage message)

Exception rethrown at [0]: 
   at System.Runtime.Remoting.Proxies.RealProxy.HandleReturnMessage(IMessage reqMsg, IMessage retMsg)
   at System.Runtime.Remoting.Proxies.RealProxy.PrivateInvoke(MessageData& msgData, Int32 type)
   at ChocolateyGui.IIpcChocolateyService.Register()
   at ChocolateyGui.Services.ChocolateyRemotePackageService.CreateClient() in C:\projects\chocolateygui\Source\ChocolateyGui\Services\ChocolateyRemotePackageService.cs:line 407
   at ChocolateyGui.Services.ChocolateyRemotePackageService.<InitializeImpl>d__32.MoveNext() in C:\projects\chocolateygui\Source\ChocolateyGui\Services\ChocolateyRemotePackageService.cs:line 339
--- End of stack trace from previous location where exception was thrown ---
   at System.Runtime.CompilerServices.TaskAwaiter.ThrowForNonSuccess(Task task)
   at System.Runtime.CompilerServices.TaskAwaiter.HandleNonSuccessAndDebuggerNotification(Task task)
   at ChocolateyGui.Services.ChocolateyRemotePackageService.<Initialize>d__31.MoveNext() in C:\projects\chocolateygui\Source\ChocolateyGui\Services\ChocolateyRemotePackageService.cs:line 294
--- End of stack trace from previous location where exception was thrown ---
   at System.Runtime.CompilerServices.TaskAwaiter.ThrowForNonSuccess(Task task)
   at System.Runtime.CompilerServices.TaskAwaiter.HandleNonSuccessAndDebuggerNotification(Task task)
   at ChocolateyGui.Services.ChocolateyRemotePackageService.<InstallPackage>d__15.MoveNext() in C:\projects\chocolateygui\Source\ChocolateyGui\Services\ChocolateyRemotePackageService.cs:line 97
--- End of stack trace from previous location where exception was thrown ---
   at System.Runtime.CompilerServices.TaskAwaiter.ThrowForNonSuccess(Task task)
   at System.Runtime.CompilerServices.TaskAwaiter.HandleNonSuccessAndDebuggerNotification(Task task)
   at ChocolateyGui.ViewModels.Items.PackageViewModel.<Install>d__141.MoveNext() in C:\projects\chocolateygui\Source\ChocolateyGui\ViewModels\Items\PackageViewModel.cs:line 332
2017-05-18 13:29:51.074 -05:00 [Fatal] Failed to initialize the chocolatey server.
System.ServiceModel.EndpointNotFoundException: There was no endpoint listening at net.pipe://localhost/chocolateygui that could accept the message. This is often caused by an incorrect address or SOAP action. See InnerException, if present, for more details. ---> System.IO.PipeException: The pipe endpoint 'net.pipe://localhost/chocolateygui' could not be found on your local machine. 
   --- End of inner exception stack trace ---

Server stack trace: 
   at System.ServiceModel.Channels.PipeConnectionInitiator.GetPipeName(Uri uri, IPipeTransportFactorySettings transportFactorySettings)
   at System.ServiceModel.Channels.NamedPipeConnectionPoolRegistry.NamedPipeConnectionPool.GetPoolKey(EndpointAddress address, Uri via)
   at System.ServiceModel.Channels.CommunicationPool`2.TakeConnection(EndpointAddress address, Uri via, TimeSpan timeout, TKey& key)
   at System.ServiceModel.Channels.ConnectionPoolHelper.EstablishConnection(TimeSpan timeout)
   at System.ServiceModel.Channels.ClientFramingDuplexSessionChannel.OnOpen(TimeSpan timeout)
   at System.ServiceModel.Channels.CommunicationObject.Open(TimeSpan timeout)
   at System.ServiceModel.Channels.ServiceChannel.OnOpen(TimeSpan timeout)
   at System.ServiceModel.Channels.CommunicationObject.Open(TimeSpan timeout)
   at System.ServiceModel.Channels.ServiceChannel.CallOpenOnce.System.ServiceModel.Channels.ServiceChannel.ICallOnce.Call(ServiceChannel channel, TimeSpan timeout)
   at System.ServiceModel.Channels.ServiceChannel.CallOnceManager.CallOnce(TimeSpan timeout, CallOnceManager cascade)
   at System.ServiceModel.Channels.ServiceChannel.Call(String action, Boolean oneway, ProxyOperationRuntime operation, Object[] ins, Object[] outs, TimeSpan timeout)
   at System.ServiceModel.Channels.ServiceChannelProxy.InvokeService(IMethodCallMessage methodCall, ProxyOperationRuntime operation)
   at System.ServiceModel.Channels.ServiceChannelProxy.Invoke(IMessage message)

Exception rethrown at [0]: 
   at System.Runtime.Remoting.Proxies.RealProxy.HandleReturnMessage(IMessage reqMsg, IMessage retMsg)
   at System.Runtime.Remoting.Proxies.RealProxy.PrivateInvoke(MessageData& msgData, Int32 type)
   at ChocolateyGui.IIpcChocolateyService.Register()
   at ChocolateyGui.Services.ChocolateyRemotePackageService.CreateClient() in C:\projects\chocolateygui\Source\ChocolateyGui\Services\ChocolateyRemotePackageService.cs:line 407
   at ChocolateyGui.Services.ChocolateyRemotePackageService.<InitializeImpl>d__32.MoveNext() in C:\projects\chocolateygui\Source\ChocolateyGui\Services\ChocolateyRemotePackageService.cs:line 339
--- End of stack trace from previous location where exception was thrown ---
   at System.Runtime.CompilerServices.TaskAwaiter.ThrowForNonSuccess(Task task)
   at System.Runtime.CompilerServices.TaskAwaiter.HandleNonSuccessAndDebuggerNotification(Task task)
   at ChocolateyGui.Services.ChocolateyRemotePackageService.<Initialize>d__31.MoveNext() in C:\projects\chocolateygui\Source\ChocolateyGui\Services\ChocolateyRemotePackageService.cs:line 294
--- End of stack trace from previous location where exception was thrown ---
   at System.Runtime.CompilerServices.TaskAwaiter.ThrowForNonSuccess(Task task)
   at System.Runtime.CompilerServices.TaskAwaiter.HandleNonSuccessAndDebuggerNotification(Task task)
   at ChocolateyGui.Services.ChocolateyRemotePackageService.<InstallPackage>d__15.MoveNext() in C:\projects\chocolateygui\Source\ChocolateyGui\Services\ChocolateyRemotePackageService.cs:line 97
--- End of stack trace from previous location where exception was thrown ---
   at System.Runtime.CompilerServices.TaskAwaiter.ThrowForNonSuccess(Task task)
   at System.Runtime.CompilerServices.TaskAwaiter.HandleNonSuccessAndDebuggerNotification(Task task)
   at ChocolateyGui.ViewModels.Items.PackageViewModel.<Install>d__141.MoveNext() in C:\projects\chocolateygui\Source\ChocolateyGui\ViewModels\Items\PackageViewModel.cs:line 332
2017-05-18 13:29:51.077 -05:00 [Error] Ran into an error while installing "beyondcompareintapps", version "4.0.7".
System.ServiceModel.EndpointNotFoundException: There was no endpoint listening at net.pipe://localhost/chocolateygui that could accept the message. This is often caused by an incorrect address or SOAP action. See InnerException, if present, for more details. ---> System.IO.PipeException: The pipe endpoint 'net.pipe://localhost/chocolateygui' could not be found on your local machine. 
   --- End of inner exception stack trace ---

Server stack trace: 
   at System.ServiceModel.Channels.PipeConnectionInitiator.GetPipeName(Uri uri, IPipeTransportFactorySettings transportFactorySettings)
   at System.ServiceModel.Channels.NamedPipeConnectionPoolRegistry.NamedPipeConnectionPool.GetPoolKey(EndpointAddress address, Uri via)
   at System.ServiceModel.Channels.CommunicationPool`2.TakeConnection(EndpointAddress address, Uri via, TimeSpan timeout, TKey& key)
   at System.ServiceModel.Channels.ConnectionPoolHelper.EstablishConnection(TimeSpan timeout)
   at System.ServiceModel.Channels.ClientFramingDuplexSessionChannel.OnOpen(TimeSpan timeout)
   at System.ServiceModel.Channels.CommunicationObject.Open(TimeSpan timeout)
   at System.ServiceModel.Channels.ServiceChannel.OnOpen(TimeSpan timeout)
   at System.ServiceModel.Channels.CommunicationObject.Open(TimeSpan timeout)
   at System.ServiceModel.Channels.ServiceChannel.CallOpenOnce.System.ServiceModel.Channels.ServiceChannel.ICallOnce.Call(ServiceChannel channel, TimeSpan timeout)
   at System.ServiceModel.Channels.ServiceChannel.CallOnceManager.CallOnce(TimeSpan timeout, CallOnceManager cascade)
   at System.ServiceModel.Channels.ServiceChannel.Call(String action, Boolean oneway, ProxyOperationRuntime operation, Object[] ins, Object[] outs, TimeSpan timeout)
   at System.ServiceModel.Channels.ServiceChannelProxy.InvokeService(IMethodCallMessage methodCall, ProxyOperationRuntime operation)
   at System.ServiceModel.Channels.ServiceChannelProxy.Invoke(IMessage message)

Exception rethrown at [0]: 
   at System.Runtime.Remoting.Proxies.RealProxy.HandleReturnMessage(IMessage reqMsg, IMessage retMsg)
   at System.Runtime.Remoting.Proxies.RealProxy.PrivateInvoke(MessageData& msgData, Int32 type)
   at ChocolateyGui.IIpcChocolateyService.Register()
   at ChocolateyGui.Services.ChocolateyRemotePackageService.CreateClient() in C:\projects\chocolateygui\Source\ChocolateyGui\Services\ChocolateyRemotePackageService.cs:line 407
   at ChocolateyGui.Services.ChocolateyRemotePackageService.<InitializeImpl>d__32.MoveNext() in C:\projects\chocolateygui\Source\ChocolateyGui\Services\ChocolateyRemotePackageService.cs:line 339
--- End of stack trace from previous location where exception was thrown ---
   at System.Runtime.CompilerServices.TaskAwaiter.ThrowForNonSuccess(Task task)
   at System.Runtime.CompilerServices.TaskAwaiter.HandleNonSuccessAndDebuggerNotification(Task task)
   at ChocolateyGui.Services.ChocolateyRemotePackageService.<Initialize>d__31.MoveNext() in C:\projects\chocolateygui\Source\ChocolateyGui\Services\ChocolateyRemotePackageService.cs:line 294
--- End of stack trace from previous location where exception was thrown ---
   at System.Runtime.CompilerServices.TaskAwaiter.ThrowForNonSuccess(Task task)
   at System.Runtime.CompilerServices.TaskAwaiter.HandleNonSuccessAndDebuggerNotification(Task task)
   at ChocolateyGui.Services.ChocolateyRemotePackageService.<InstallPackage>d__15.MoveNext() in C:\projects\chocolateygui\Source\ChocolateyGui\Services\ChocolateyRemotePackageService.cs:line 97
--- End of stack trace from previous location where exception was thrown ---
   at System.Runtime.CompilerServices.TaskAwaiter.ThrowForNonSuccess(Task task)
   at System.Runtime.CompilerServices.TaskAwaiter.HandleNonSuccessAndDebuggerNotification(Task task)
   at ChocolateyGui.ViewModels.Items.PackageViewModel.<Install>d__141.MoveNext() in C:\projects\chocolateygui\Source\ChocolateyGui\ViewModels\Items\PackageViewModel.cs:line 332
2017-05-18 13:30:30.151 -05:00 [Error] Ran into an error while installing "beyondcompareintapps", version "4.0.7".
System.ServiceModel.FaultException: The server was unable to process the request due to an internal error.  For more information about the error, either turn on IncludeExceptionDetailInFaults (either from ServiceBehaviorAttribute or from the <serviceDebug> configuration behavior) on the server in order to send the exception information back to the client, or turn on tracing as per the Microsoft .NET Framework SDK documentation and inspect the server trace logs.
   at System.ServiceModel.Channels.ServiceChannel.ThrowIfFaultUnderstood(Message reply, MessageFault fault, String action, MessageVersion version, FaultConverter faultConverter)
   at System.ServiceModel.Channels.ServiceChannel.HandleReply(ProxyOperationRuntime operation, ProxyRpc& rpc)
   at System.ServiceModel.Channels.ServiceChannel.EndCall(String action, Object[] outs, IAsyncResult result)
   at System.ServiceModel.Channels.ServiceChannelProxy.TaskCreator.<>c__DisplayClass7_0`1.<CreateGenericTask>b__0(IAsyncResult asyncResult)
   at System.Threading.Tasks.TaskFactory`1.FromAsyncCoreLogic(IAsyncResult iar, Func`2 endFunction, Action`1 endAction, Task`1 promise, Boolean requiresSynchronization)
--- End of stack trace from previous location where exception was thrown ---
   at System.Runtime.CompilerServices.TaskAwaiter.ThrowForNonSuccess(Task task)
   at System.Runtime.CompilerServices.TaskAwaiter.HandleNonSuccessAndDebuggerNotification(Task task)
   at ChocolateyGui.Services.ChocolateyRemotePackageService.<InstallPackage>d__15.MoveNext() in C:\projects\chocolateygui\Source\ChocolateyGui\Services\ChocolateyRemotePackageService.cs:line 98
--- End of stack trace from previous location where exception was thrown ---
   at System.Runtime.CompilerServices.TaskAwaiter.ThrowForNonSuccess(Task task)
   at System.Runtime.CompilerServices.TaskAwaiter.HandleNonSuccessAndDebuggerNotification(Task task)
   at ChocolateyGui.ViewModels.Items.PackageViewModel.<Install>d__141.MoveNext() in C:\projects\chocolateygui\Source\ChocolateyGui\ViewModels\Items\PackageViewModel.cs:line 332
2017-05-18 13:31:33.283 -05:00 [Error] Ran into an error while installing "beyondcompareintapps", version "4.0.7".
System.ServiceModel.FaultException: The server was unable to process the request due to an internal error.  For more information about the error, either turn on IncludeExceptionDetailInFaults (either from ServiceBehaviorAttribute or from the <serviceDebug> configuration behavior) on the server in order to send the exception information back to the client, or turn on tracing as per the Microsoft .NET Framework SDK documentation and inspect the server trace logs.
   at System.ServiceModel.Channels.ServiceChannel.ThrowIfFaultUnderstood(Message reply, MessageFault fault, String action, MessageVersion version, FaultConverter faultConverter)
   at System.ServiceModel.Channels.ServiceChannel.HandleReply(ProxyOperationRuntime operation, ProxyRpc& rpc)
   at System.ServiceModel.Channels.ServiceChannel.EndCall(String action, Object[] outs, IAsyncResult result)
   at System.ServiceModel.Channels.ServiceChannelProxy.TaskCreator.<>c__DisplayClass7_0`1.<CreateGenericTask>b__0(IAsyncResult asyncResult)
   at System.Threading.Tasks.TaskFactory`1.FromAsyncCoreLogic(IAsyncResult iar, Func`2 endFunction, Action`1 endAction, Task`1 promise, Boolean requiresSynchronization)
--- End of stack trace from previous location where exception was thrown ---
   at System.Runtime.CompilerServices.TaskAwaiter.ThrowForNonSuccess(Task task)
   at System.Runtime.CompilerServices.TaskAwaiter.HandleNonSuccessAndDebuggerNotification(Task task)
   at ChocolateyGui.Services.ChocolateyRemotePackageService.<InstallPackage>d__15.MoveNext() in C:\projects\chocolateygui\Source\ChocolateyGui\Services\ChocolateyRemotePackageService.cs:line 98
--- End of stack trace from previous location where exception was thrown ---
   at System.Runtime.CompilerServices.TaskAwaiter.ThrowForNonSuccess(Task task)
   at System.Runtime.CompilerServices.TaskAwaiter.HandleNonSuccessAndDebuggerNotification(Task task)
   at ChocolateyGui.ViewModels.Items.PackageViewModel.<Install>d__141.MoveNext() in C:\projects\chocolateygui\Source\ChocolateyGui\ViewModels\Items\PackageViewModel.cs:line 332
2017-05-18 13:32:04.105 -05:00 [Fatal] Failed to initialize the chocolatey server.
System.ServiceModel.CommunicationException: There was an error writing to the pipe: The pipe is being closed. (232, 0xe8). ---> System.IO.IOException: The write operation failed, see inner exception. ---> System.ServiceModel.CommunicationException: There was an error writing to the pipe: The pipe is being closed. (232, 0xe8). ---> System.IO.PipeException: There was an error writing to the pipe: The pipe is being closed. (232, 0xe8).
   at System.ServiceModel.Channels.PipeConnection.BeginWrite(Byte[] buffer, Int32 offset, Int32 size, Boolean immediate, TimeSpan timeout, WaitCallback callback, Object state)
   --- End of inner exception stack trace ---
   at System.ServiceModel.Channels.PipeConnection.BeginWrite(Byte[] buffer, Int32 offset, Int32 size, Boolean immediate, TimeSpan timeout, WaitCallback callback, Object state)
   at System.ServiceModel.Channels.BufferedConnection.BeginWrite(Byte[] buffer, Int32 offset, Int32 size, Boolean immediate, TimeSpan timeout, WaitCallback callback, Object state)
   at System.ServiceModel.Channels.ConnectionStream.BeginWrite(Byte[] buffer, Int32 offset, Int32 count, AsyncCallback callback, Object state)
   at System.Net.Security.NegotiateStream.StartWriting(Byte[] buffer, Int32 offset, Int32 count, AsyncProtocolRequest asyncRequest)
   at System.Net.Security.NegotiateStream.ProcessWrite(Byte[] buffer, Int32 offset, Int32 count, AsyncProtocolRequest asyncRequest)
   --- End of inner exception stack trace ---
   at System.Net.Security.NegotiateStream.ProcessWrite(Byte[] buffer, Int32 offset, Int32 count, AsyncProtocolRequest asyncRequest)
   at System.Net.Security.NegotiateStream.BeginWrite(Byte[] buffer, Int32 offset, Int32 count, AsyncCallback asyncCallback, Object asyncState)
   at System.ServiceModel.Channels.StreamConnection.BeginWrite(Byte[] buffer, Int32 offset, Int32 size, Boolean immediate, TimeSpan timeout, WaitCallback callback, Object state)
   --- End of inner exception stack trace ---

Server stack trace: 
   at System.ServiceModel.Channels.StreamConnection.BeginWrite(Byte[] buffer, Int32 offset, Int32 size, Boolean immediate, TimeSpan timeout, WaitCallback callback, Object state)
   at System.ServiceModel.Channels.FramingDuplexSessionChannel.StartWritingBufferedMessage(Message message, ArraySegment`1 messageData, Boolean allowOutputBatching, TimeSpan timeout, WaitCallback callback, Object state)
   at System.ServiceModel.Channels.TransportDuplexSessionChannel.SendAsyncResult.WriteCore()
   at System.ServiceModel.Channels.TransportDuplexSessionChannel.SendAsyncResult..ctor(TransportDuplexSessionChannel channel, Message message, TimeSpan timeout, Boolean streamedOutput, AsyncCallback callback, Object state)
   at System.ServiceModel.Channels.TransportDuplexSessionChannel.OnBeginSend(Message message, TimeSpan timeout, AsyncCallback callback, Object state)
   at System.ServiceModel.Channels.OutputChannel.BeginSend(Message message, TimeSpan timeout, AsyncCallback callback, Object state)
   at System.ServiceModel.Dispatcher.DuplexChannelBinder.BeginRequest(Message message, TimeSpan timeout, AsyncCallback callback, Object state)
   at System.ServiceModel.Channels.ServiceChannel.SendAsyncResult.StartSend(Boolean completedSynchronously)
   at System.ServiceModel.Channels.ServiceChannel.SendAsyncResult.FinishEnsureOpen(IAsyncResult result, Boolean completedSynchronously)
   at System.ServiceModel.Channels.ServiceChannel.SendAsyncResult.StartEnsureOpen(Boolean completedSynchronously)
   at System.ServiceModel.Channels.ServiceChannel.SendAsyncResult.FinishEnsureInteractiveInit(IAsyncResult result, Boolean completedSynchronously)
   at System.ServiceModel.Channels.ServiceChannel.SendAsyncResult.StartEnsureInteractiveInit()
   at System.ServiceModel.Channels.ServiceChannel.SendAsyncResult.Begin()
   at System.ServiceModel.Channels.ServiceChannel.BeginCall(String action, Boolean oneway, ProxyOperationRuntime operation, Object[] ins, TimeSpan timeout, AsyncCallback callback, Object asyncState)
   at System.ServiceModel.Channels.ServiceChannel.BeginCall(ServiceChannel channel, ProxyOperationRuntime operation, Object[] ins, AsyncCallback callback, Object asyncState)
   at System.Threading.Tasks.TaskFactory`1.FromAsyncImpl[TArg1,TArg2,TArg3](Func`6 beginMethod, Func`2 endFunction, Action`1 endAction, TArg1 arg1, TArg2 arg2, TArg3 arg3, Object state, TaskCreationOptions creationOptions)
   at System.ServiceModel.Channels.ServiceChannelProxy.TaskCreator.CreateGenericTask[T](ServiceChannel channel, ProxyOperationRuntime operation, Object[] inputParameters)
   at System.ServiceModel.Channels.ServiceChannelProxy.TaskCreator.CreateGenericTask(ServiceChannel channel, ProxyOperationRuntime operation, Object[] inputParameters)
   at System.ServiceModel.Channels.ServiceChannelProxy.TaskCreator.CreateTask(ServiceChannel channel, IMethodCallMessage methodCall, ProxyOperationRuntime operation)
   at System.ServiceModel.Channels.ServiceChannelProxy.InvokeTaskService(IMethodCallMessage methodCall, ProxyOperationRuntime operation)
   at System.ServiceModel.Channels.ServiceChannelProxy.Invoke(IMessage message)

Exception rethrown at [0]: 
   at System.Runtime.Remoting.Proxies.RealProxy.HandleReturnMessage(IMessage reqMsg, IMessage retMsg)
   at System.Runtime.Remoting.Proxies.RealProxy.PrivateInvoke(MessageData& msgData, Int32 type)
   at ChocolateyGui.IIpcChocolateyService.IsElevated()
   at ChocolateyGui.Services.ChocolateyRemotePackageService.<InitializeImpl>d__32.MoveNext() in C:\projects\chocolateygui\Source\ChocolateyGui\Services\ChocolateyRemotePackageService.cs:line 305
--- End of stack trace from previous location where exception was thrown ---
   at System.Runtime.CompilerServices.TaskAwaiter.ThrowForNonSuccess(Task task)
   at System.Runtime.CompilerServices.TaskAwaiter.HandleNonSuccessAndDebuggerNotification(Task task)
   at ChocolateyGui.Services.ChocolateyRemotePackageService.<Initialize>d__31.MoveNext() in C:\projects\chocolateygui\Source\ChocolateyGui\Services\ChocolateyRemotePackageService.cs:line 294
--- End of stack trace from previous location where exception was thrown ---
   at System.Runtime.CompilerServices.TaskAwaiter.ThrowForNonSuccess(Task task)
   at System.Runtime.CompilerServices.TaskAwaiter.HandleNonSuccessAndDebuggerNotification(Task task)
   at ChocolateyGui.Services.ChocolateyRemotePackageService.<InstallPackage>d__15.MoveNext() in C:\projects\chocolateygui\Source\ChocolateyGui\Services\ChocolateyRemotePackageService.cs:line 97
--- End of stack trace from previous location where exception was thrown ---
   at System.Runtime.CompilerServices.TaskAwaiter.ThrowForNonSuccess(Task task)
   at System.Runtime.CompilerServices.TaskAwaiter.HandleNonSuccessAndDebuggerNotification(Task task)
   at ChocolateyGui.ViewModels.Items.PackageViewModel.<Install>d__141.MoveNext() in C:\projects\chocolateygui\Source\ChocolateyGui\ViewModels\Items\PackageViewModel.cs:line 332
2017-05-18 13:32:04.105 -05:00 [Error] Ran into an error while installing "sqlfarmcombineintapps", version "5.1.0".
System.ServiceModel.CommunicationException: There was an error writing to the pipe: The pipe is being closed. (232, 0xe8). ---> System.IO.IOException: The write operation failed, see inner exception. ---> System.ServiceModel.CommunicationException: There was an error writing to the pipe: The pipe is being closed. (232, 0xe8). ---> System.IO.PipeException: There was an error writing to the pipe: The pipe is being closed. (232, 0xe8).
   at System.ServiceModel.Channels.PipeConnection.BeginWrite(Byte[] buffer, Int32 offset, Int32 size, Boolean immediate, TimeSpan timeout, WaitCallback callback, Object state)
   --- End of inner exception stack trace ---
   at System.ServiceModel.Channels.PipeConnection.BeginWrite(Byte[] buffer, Int32 offset, Int32 size, Boolean immediate, TimeSpan timeout, WaitCallback callback, Object state)
   at System.ServiceModel.Channels.BufferedConnection.BeginWrite(Byte[] buffer, Int32 offset, Int32 size, Boolean immediate, TimeSpan timeout, WaitCallback callback, Object state)
   at System.ServiceModel.Channels.ConnectionStream.BeginWrite(Byte[] buffer, Int32 offset, Int32 count, AsyncCallback callback, Object state)
   at System.Net.Security.NegotiateStream.StartWriting(Byte[] buffer, Int32 offset, Int32 count, AsyncProtocolRequest asyncRequest)
   at System.Net.Security.NegotiateStream.ProcessWrite(Byte[] buffer, Int32 offset, Int32 count, AsyncProtocolRequest asyncRequest)
   --- End of inner exception stack trace ---
   at System.Net.Security.NegotiateStream.ProcessWrite(Byte[] buffer, Int32 offset, Int32 count, AsyncProtocolRequest asyncRequest)
   at System.Net.Security.NegotiateStream.BeginWrite(Byte[] buffer, Int32 offset, Int32 count, AsyncCallback asyncCallback, Object asyncState)
   at System.ServiceModel.Channels.StreamConnection.BeginWrite(Byte[] buffer, Int32 offset, Int32 size, Boolean immediate, TimeSpan timeout, WaitCallback callback, Object state)
   --- End of inner exception stack trace ---

Server stack trace: 
   at System.ServiceModel.Channels.StreamConnection.BeginWrite(Byte[] buffer, Int32 offset, Int32 size, Boolean immediate, TimeSpan timeout, WaitCallback callback, Object state)
   at System.ServiceModel.Channels.FramingDuplexSessionChannel.StartWritingBufferedMessage(Message message, ArraySegment`1 messageData, Boolean allowOutputBatching, TimeSpan timeout, WaitCallback callback, Object state)
   at System.ServiceModel.Channels.TransportDuplexSessionChannel.SendAsyncResult.WriteCore()
   at System.ServiceModel.Channels.TransportDuplexSessionChannel.SendAsyncResult..ctor(TransportDuplexSessionChannel channel, Message message, TimeSpan timeout, Boolean streamedOutput, AsyncCallback callback, Object state)
   at System.ServiceModel.Channels.TransportDuplexSessionChannel.OnBeginSend(Message message, TimeSpan timeout, AsyncCallback callback, Object state)
   at System.ServiceModel.Channels.OutputChannel.BeginSend(Message message, TimeSpan timeout, AsyncCallback callback, Object state)
   at System.ServiceModel.Dispatcher.DuplexChannelBinder.BeginRequest(Message message, TimeSpan timeout, AsyncCallback callback, Object state)
   at System.ServiceModel.Channels.ServiceChannel.SendAsyncResult.StartSend(Boolean completedSynchronously)
   at System.ServiceModel.Channels.ServiceChannel.SendAsyncResult.FinishEnsureOpen(IAsyncResult result, Boolean completedSynchronously)
   at System.ServiceModel.Channels.ServiceChannel.SendAsyncResult.StartEnsureOpen(Boolean completedSynchronously)
   at System.ServiceModel.Channels.ServiceChannel.SendAsyncResult.FinishEnsureInteractiveInit(IAsyncResult result, Boolean completedSynchronously)
   at System.ServiceModel.Channels.ServiceChannel.SendAsyncResult.StartEnsureInteractiveInit()
   at System.ServiceModel.Channels.ServiceChannel.SendAsyncResult.Begin()
   at System.ServiceModel.Channels.ServiceChannel.BeginCall(String action, Boolean oneway, ProxyOperationRuntime operation, Object[] ins, TimeSpan timeout, AsyncCallback callback, Object asyncState)
   at System.ServiceModel.Channels.ServiceChannel.BeginCall(ServiceChannel channel, ProxyOperationRuntime operation, Object[] ins, AsyncCallback callback, Object asyncState)
   at System.Threading.Tasks.TaskFactory`1.FromAsyncImpl[TArg1,TArg2,TArg3](Func`6 beginMethod, Func`2 endFunction, Action`1 endAction, TArg1 arg1, TArg2 arg2, TArg3 arg3, Object state, TaskCreationOptions creationOptions)
   at System.ServiceModel.Channels.ServiceChannelProxy.TaskCreator.CreateGenericTask[T](ServiceChannel channel, ProxyOperationRuntime operation, Object[] inputParameters)
   at System.ServiceModel.Channels.ServiceChannelProxy.TaskCreator.CreateGenericTask(ServiceChannel channel, ProxyOperationRuntime operation, Object[] inputParameters)
   at System.ServiceModel.Channels.ServiceChannelProxy.TaskCreator.CreateTask(ServiceChannel channel, IMethodCallMessage methodCall, ProxyOperationRuntime operation)
   at System.ServiceModel.Channels.ServiceChannelProxy.InvokeTaskService(IMethodCallMessage methodCall, ProxyOperationRuntime operation)
   at System.ServiceModel.Channels.ServiceChannelProxy.Invoke(IMessage message)

Exception rethrown at [0]: 
   at System.Runtime.Remoting.Proxies.RealProxy.HandleReturnMessage(IMessage reqMsg, IMessage retMsg)
   at System.Runtime.Remoting.Proxies.RealProxy.PrivateInvoke(MessageData& msgData, Int32 type)
   at ChocolateyGui.IIpcChocolateyService.IsElevated()
   at ChocolateyGui.Services.ChocolateyRemotePackageService.<InitializeImpl>d__32.MoveNext() in C:\projects\chocolateygui\Source\ChocolateyGui\Services\ChocolateyRemotePackageService.cs:line 305
--- End of stack trace from previous location where exception was thrown ---
   at System.Runtime.CompilerServices.TaskAwaiter.ThrowForNonSuccess(Task task)
   at System.Runtime.CompilerServices.TaskAwaiter.HandleNonSuccessAndDebuggerNotification(Task task)
   at ChocolateyGui.Services.ChocolateyRemotePackageService.<Initialize>d__31.MoveNext() in C:\projects\chocolateygui\Source\ChocolateyGui\Services\ChocolateyRemotePackageService.cs:line 294
--- End of stack trace from previous location where exception was thrown ---
   at System.Runtime.CompilerServices.TaskAwaiter.ThrowForNonSuccess(Task task)
   at System.Runtime.CompilerServices.TaskAwaiter.HandleNonSuccessAndDebuggerNotification(Task task)
   at ChocolateyGui.Services.ChocolateyRemotePackageService.<InstallPackage>d__15.MoveNext() in C:\projects\chocolateygui\Source\ChocolateyGui\Services\ChocolateyRemotePackageService.cs:line 97
--- End of stack trace from previous location where exception was thrown ---
   at System.Runtime.CompilerServices.TaskAwaiter.ThrowForNonSuccess(Task task)
   at System.Runtime.CompilerServices.TaskAwaiter.HandleNonSuccessAndDebuggerNotification(Task task)
   at ChocolateyGui.ViewModels.Items.PackageViewModel.<Install>d__141.MoveNext() in C:\projects\chocolateygui\Source\ChocolateyGui\ViewModels\Items\PackageViewModel.cs:line 332
2017-05-18 13:35:59.453 -05:00 [Error] Ran into an error while installing "beyondcompareintapps", version "4.0.7".
System.ServiceModel.FaultException: The server was unable to process the request due to an internal error.  For more information about the error, either turn on IncludeExceptionDetailInFaults (either from ServiceBehaviorAttribute or from the <serviceDebug> configuration behavior) on the server in order to send the exception information back to the client, or turn on tracing as per the Microsoft .NET Framework SDK documentation and inspect the server trace logs.
   at System.ServiceModel.Channels.ServiceChannel.ThrowIfFaultUnderstood(Message reply, MessageFault fault, String action, MessageVersion version, FaultConverter faultConverter)
   at System.ServiceModel.Channels.ServiceChannel.HandleReply(ProxyOperationRuntime operation, ProxyRpc& rpc)
   at System.ServiceModel.Channels.ServiceChannel.EndCall(String action, Object[] outs, IAsyncResult result)
   at System.ServiceModel.Channels.ServiceChannelProxy.TaskCreator.<>c__DisplayClass7_0`1.<CreateGenericTask>b__0(IAsyncResult asyncResult)
   at System.Threading.Tasks.TaskFactory`1.FromAsyncCoreLogic(IAsyncResult iar, Func`2 endFunction, Action`1 endAction, Task`1 promise, Boolean requiresSynchronization)
--- End of stack trace from previous location where exception was thrown ---
   at System.Runtime.CompilerServices.TaskAwaiter.ThrowForNonSuccess(Task task)
   at System.Runtime.CompilerServices.TaskAwaiter.HandleNonSuccessAndDebuggerNotification(Task task)
   at ChocolateyGui.Services.ChocolateyRemotePackageService.<InstallPackage>d__15.MoveNext() in C:\projects\chocolateygui\Source\ChocolateyGui\Services\ChocolateyRemotePackageService.cs:line 98
--- End of stack trace from previous location where exception was thrown ---
   at System.Runtime.CompilerServices.TaskAwaiter.ThrowForNonSuccess(Task task)
   at System.Runtime.CompilerServices.TaskAwaiter.HandleNonSuccessAndDebuggerNotification(Task task)
   at ChocolateyGui.ViewModels.Items.PackageViewModel.<Install>d__141.MoveNext() in C:\projects\chocolateygui\Source\ChocolateyGui\ViewModels\Items\PackageViewModel.cs:line 332
2017-05-18 13:38:02.336 -05:00 [Fatal] Failed to create client channel to server.
System.ServiceModel.EndpointNotFoundException: There was no endpoint listening at net.pipe://localhost/chocolateygui that could accept the message. This is often caused by an incorrect address or SOAP action. See InnerException, if present, for more details. ---> System.IO.PipeException: The pipe endpoint 'net.pipe://localhost/chocolateygui' could not be found on your local machine. 
   --- End of inner exception stack trace ---

Server stack trace: 
   at System.ServiceModel.Channels.PipeConnectionInitiator.GetPipeName(Uri uri, IPipeTransportFactorySettings transportFactorySettings)
   at System.ServiceModel.Channels.PipeConnectionInitiator.PrepareConnect(Uri remoteUri, TimeSpan timeout, String& resolvedAddress, BackoffTimeoutHelper& backoffHelper)
   at System.ServiceModel.Channels.PipeConnectionInitiator.Connect(Uri remoteUri, TimeSpan timeout)
   at System.ServiceModel.Channels.BufferedConnectionInitiator.Connect(Uri uri, TimeSpan timeout)
   at System.ServiceModel.Channels.ConnectionPoolHelper.EstablishConnection(TimeSpan timeout)
   at System.ServiceModel.Channels.ClientFramingDuplexSessionChannel.OnOpen(TimeSpan timeout)
   at System.ServiceModel.Channels.CommunicationObject.Open(TimeSpan timeout)
   at System.ServiceModel.Channels.ServiceChannel.OnOpen(TimeSpan timeout)
   at System.ServiceModel.Channels.CommunicationObject.Open(TimeSpan timeout)
   at System.ServiceModel.Channels.ServiceChannel.CallOpenOnce.System.ServiceModel.Channels.ServiceChannel.ICallOnce.Call(ServiceChannel channel, TimeSpan timeout)
   at System.ServiceModel.Channels.ServiceChannel.CallOnceManager.CallOnce(TimeSpan timeout, CallOnceManager cascade)
   at System.ServiceModel.Channels.ServiceChannel.Call(String action, Boolean oneway, ProxyOperationRuntime operation, Object[] ins, Object[] outs, TimeSpan timeout)
   at System.ServiceModel.Channels.ServiceChannelProxy.InvokeService(IMethodCallMessage methodCall, ProxyOperationRuntime operation)
   at System.ServiceModel.Channels.ServiceChannelProxy.Invoke(IMessage message)

Exception rethrown at [0]: 
   at System.Runtime.Remoting.Proxies.RealProxy.HandleReturnMessage(IMessage reqMsg, IMessage retMsg)
   at System.Runtime.Remoting.Proxies.RealProxy.PrivateInvoke(MessageData& msgData, Int32 type)
   at ChocolateyGui.IIpcChocolateyService.Register()
   at ChocolateyGui.Services.ChocolateyRemotePackageService.CreateClient() in C:\projects\chocolateygui\Source\ChocolateyGui\Services\ChocolateyRemotePackageService.cs:line 407
   at ChocolateyGui.Services.ChocolateyRemotePackageService.<InitializeImpl>d__32.MoveNext() in C:\projects\chocolateygui\Source\ChocolateyGui\Services\ChocolateyRemotePackageService.cs:line 375
--- End of stack trace from previous location where exception was thrown ---
2017-05-18 13:38:02.336 -05:00 [Fatal] Failed to initialize the chocolatey server.
System.ServiceModel.EndpointNotFoundException: There was no endpoint listening at net.pipe://localhost/chocolateygui that could accept the message. This is often caused by an incorrect address or SOAP action. See InnerException, if present, for more details. ---> System.IO.PipeException: The pipe endpoint 'net.pipe://localhost/chocolateygui' could not be found on your local machine. 
   --- End of inner exception stack trace ---

Server stack trace: 
   at System.ServiceModel.Channels.PipeConnectionInitiator.GetPipeName(Uri uri, IPipeTransportFactorySettings transportFactorySettings)
   at System.ServiceModel.Channels.PipeConnectionInitiator.PrepareConnect(Uri remoteUri, TimeSpan timeout, String& resolvedAddress, BackoffTimeoutHelper& backoffHelper)
   at System.ServiceModel.Channels.PipeConnectionInitiator.Connect(Uri remoteUri, TimeSpan timeout)
   at System.ServiceModel.Channels.BufferedConnectionInitiator.Connect(Uri uri, TimeSpan timeout)
   at System.ServiceModel.Channels.ConnectionPoolHelper.EstablishConnection(TimeSpan timeout)
   at System.ServiceModel.Channels.ClientFramingDuplexSessionChannel.OnOpen(TimeSpan timeout)
   at System.ServiceModel.Channels.CommunicationObject.Open(TimeSpan timeout)
   at System.ServiceModel.Channels.ServiceChannel.OnOpen(TimeSpan timeout)
   at System.ServiceModel.Channels.CommunicationObject.Open(TimeSpan timeout)
   at System.ServiceModel.Channels.ServiceChannel.CallOpenOnce.System.ServiceModel.Channels.ServiceChannel.ICallOnce.Call(ServiceChannel channel, TimeSpan timeout)
   at System.ServiceModel.Channels.ServiceChannel.CallOnceManager.CallOnce(TimeSpan timeout, CallOnceManager cascade)
   at System.ServiceModel.Channels.ServiceChannel.Call(String action, Boolean oneway, ProxyOperationRuntime operation, Object[] ins, Object[] outs, TimeSpan timeout)
   at System.ServiceModel.Channels.ServiceChannelProxy.InvokeService(IMethodCallMessage methodCall, ProxyOperationRuntime operation)
   at System.ServiceModel.Channels.ServiceChannelProxy.Invoke(IMessage message)

Exception rethrown at [0]: 
   at System.Runtime.Remoting.Proxies.RealProxy.HandleReturnMessage(IMessage reqMsg, IMessage retMsg)
   at System.Runtime.Remoting.Proxies.RealProxy.PrivateInvoke(MessageData& msgData, Int32 type)
   at ChocolateyGui.IIpcChocolateyService.Register()
   at ChocolateyGui.Services.ChocolateyRemotePackageService.CreateClient() in C:\projects\chocolateygui\Source\ChocolateyGui\Services\ChocolateyRemotePackageService.cs:line 407
   at ChocolateyGui.Services.ChocolateyRemotePackageService.<InitializeImpl>d__32.MoveNext() in C:\projects\chocolateygui\Source\ChocolateyGui\Services\ChocolateyRemotePackageService.cs:line 375
--- End of stack trace from previous location where exception was thrown ---
   at System.Runtime.CompilerServices.TaskAwaiter.ThrowForNonSuccess(Task task)
   at System.Runtime.CompilerServices.TaskAwaiter.HandleNonSuccessAndDebuggerNotification(Task task)
   at ChocolateyGui.Services.ChocolateyRemotePackageService.<Initialize>d__31.MoveNext() in C:\projects\chocolateygui\Source\ChocolateyGui\Services\ChocolateyRemotePackageService.cs:line 294
--- End of stack trace from previous location where exception was thrown ---
   at System.Runtime.CompilerServices.TaskAwaiter.ThrowForNonSuccess(Task task)
   at System.Runtime.CompilerServices.TaskAwaiter.HandleNonSuccessAndDebuggerNotification(Task task)
   at ChocolateyGui.Services.ChocolateyRemotePackageService.<InstallPackage>d__15.MoveNext() in C:\projects\chocolateygui\Source\ChocolateyGui\Services\ChocolateyRemotePackageService.cs:line 97
--- End of stack trace from previous location where exception was thrown ---
   at System.Runtime.CompilerServices.TaskAwaiter.ThrowForNonSuccess(Task task)
   at System.Runtime.CompilerServices.TaskAwaiter.HandleNonSuccessAndDebuggerNotification(Task task)
   at ChocolateyGui.ViewModels.Items.PackageViewModel.<Install>d__141.MoveNext() in C:\projects\chocolateygui\Source\ChocolateyGui\ViewModels\Items\PackageViewModel.cs:line 332
2017-05-18 13:38:02.336 -05:00 [Error] Ran into an error while installing "remotedesktopmanager", version "3.5.0.0".
System.ServiceModel.EndpointNotFoundException: There was no endpoint listening at net.pipe://localhost/chocolateygui that could accept the message. This is often caused by an incorrect address or SOAP action. See InnerException, if present, for more details. ---> System.IO.PipeException: The pipe endpoint 'net.pipe://localhost/chocolateygui' could not be found on your local machine. 
   --- End of inner exception stack trace ---

Server stack trace: 
   at System.ServiceModel.Channels.PipeConnectionInitiator.GetPipeName(Uri uri, IPipeTransportFactorySettings transportFactorySettings)
   at System.ServiceModel.Channels.PipeConnectionInitiator.PrepareConnect(Uri remoteUri, TimeSpan timeout, String& resolvedAddress, BackoffTimeoutHelper& backoffHelper)
   at System.ServiceModel.Channels.PipeConnectionInitiator.Connect(Uri remoteUri, TimeSpan timeout)
   at System.ServiceModel.Channels.BufferedConnectionInitiator.Connect(Uri uri, TimeSpan timeout)
   at System.ServiceModel.Channels.ConnectionPoolHelper.EstablishConnection(TimeSpan timeout)
   at System.ServiceModel.Channels.ClientFramingDuplexSessionChannel.OnOpen(TimeSpan timeout)
   at System.ServiceModel.Channels.CommunicationObject.Open(TimeSpan timeout)
   at System.ServiceModel.Channels.ServiceChannel.OnOpen(TimeSpan timeout)
   at System.ServiceModel.Channels.CommunicationObject.Open(TimeSpan timeout)
   at System.ServiceModel.Channels.ServiceChannel.CallOpenOnce.System.ServiceModel.Channels.ServiceChannel.ICallOnce.Call(ServiceChannel channel, TimeSpan timeout)
   at System.ServiceModel.Channels.ServiceChannel.CallOnceManager.CallOnce(TimeSpan timeout, CallOnceManager cascade)
   at System.ServiceModel.Channels.ServiceChannel.Call(String action, Boolean oneway, ProxyOperationRuntime operation, Object[] ins, Object[] outs, TimeSpan timeout)
   at System.ServiceModel.Channels.ServiceChannelProxy.InvokeService(IMethodCallMessage methodCall, ProxyOperationRuntime operation)
   at System.ServiceModel.Channels.ServiceChannelProxy.Invoke(IMessage message)

Exception rethrown at [0]: 
   at System.Runtime.Remoting.Proxies.RealProxy.HandleReturnMessage(IMessage reqMsg, IMessage retMsg)
   at System.Runtime.Remoting.Proxies.RealProxy.PrivateInvoke(MessageData& msgData, Int32 type)
   at ChocolateyGui.IIpcChocolateyService.Register()
   at ChocolateyGui.Services.ChocolateyRemotePackageService.CreateClient() in C:\projects\chocolateygui\Source\ChocolateyGui\Services\ChocolateyRemotePackageService.cs:line 407
   at ChocolateyGui.Services.ChocolateyRemotePackageService.<InitializeImpl>d__32.MoveNext() in C:\projects\chocolateygui\Source\ChocolateyGui\Services\ChocolateyRemotePackageService.cs:line 375
--- End of stack trace from previous location where exception was thrown ---
   at System.Runtime.CompilerServices.TaskAwaiter.ThrowForNonSuccess(Task task)
   at System.Runtime.CompilerServices.TaskAwaiter.HandleNonSuccessAndDebuggerNotification(Task task)
   at ChocolateyGui.Services.ChocolateyRemotePackageService.<Initialize>d__31.MoveNext() in C:\projects\chocolateygui\Source\ChocolateyGui\Services\ChocolateyRemotePackageService.cs:line 294
--- End of stack trace from previous location where exception was thrown ---
   at System.Runtime.CompilerServices.TaskAwaiter.ThrowForNonSuccess(Task task)
   at System.Runtime.CompilerServices.TaskAwaiter.HandleNonSuccessAndDebuggerNotification(Task task)
   at ChocolateyGui.Services.ChocolateyRemotePackageService.<InstallPackage>d__15.MoveNext() in C:\projects\chocolateygui\Source\ChocolateyGui\Services\ChocolateyRemotePackageService.cs:line 97
--- End of stack trace from previous location where exception was thrown ---
   at System.Runtime.CompilerServices.TaskAwaiter.ThrowForNonSuccess(Task task)
   at System.Runtime.CompilerServices.TaskAwaiter.HandleNonSuccessAndDebuggerNotification(Task task)
   at ChocolateyGui.ViewModels.Items.PackageViewModel.<Install>d__141.MoveNext() in C:\projects\chocolateygui\Source\ChocolateyGui\ViewModels\Items\PackageViewModel.cs:line 332
2017-05-18 13:39:12.354 -05:00 [Error] Ran into an error while installing "remotedesktopmanager", version "3.5.0.0".
System.ServiceModel.FaultException: The server was unable to process the request due to an internal error.  For more information about the error, either turn on IncludeExceptionDetailInFaults (either from ServiceBehaviorAttribute or from the <serviceDebug> configuration behavior) on the server in order to send the exception information back to the client, or turn on tracing as per the Microsoft .NET Framework SDK documentation and inspect the server trace logs.
   at System.ServiceModel.Channels.ServiceChannel.ThrowIfFaultUnderstood(Message reply, MessageFault fault, String action, MessageVersion version, FaultConverter faultConverter)
   at System.ServiceModel.Channels.ServiceChannel.HandleReply(ProxyOperationRuntime operation, ProxyRpc& rpc)
   at System.ServiceModel.Channels.ServiceChannel.EndCall(String action, Object[] outs, IAsyncResult result)
   at System.ServiceModel.Channels.ServiceChannelProxy.TaskCreator.<>c__DisplayClass7_0`1.<CreateGenericTask>b__0(IAsyncResult asyncResult)
   at System.Threading.Tasks.TaskFactory`1.FromAsyncCoreLogic(IAsyncResult iar, Func`2 endFunction, Action`1 endAction, Task`1 promise, Boolean requiresSynchronization)
--- End of stack trace from previous location where exception was thrown ---
   at System.Runtime.CompilerServices.TaskAwaiter.ThrowForNonSuccess(Task task)
   at System.Runtime.CompilerServices.TaskAwaiter.HandleNonSuccessAndDebuggerNotification(Task task)
   at ChocolateyGui.Services.ChocolateyRemotePackageService.<InstallPackage>d__15.MoveNext() in C:\projects\chocolateygui\Source\ChocolateyGui\Services\ChocolateyRemotePackageService.cs:line 98
--- End of stack trace from previous location where exception was thrown ---
   at System.Runtime.CompilerServices.TaskAwaiter.ThrowForNonSuccess(Task task)
   at System.Runtime.CompilerServices.TaskAwaiter.HandleNonSuccessAndDebuggerNotification(Task task)
   at ChocolateyGui.ViewModels.Items.PackageViewModel.<Install>d__141.MoveNext() in C:\projects\chocolateygui\Source\ChocolateyGui\ViewModels\Items\PackageViewModel.cs:line 332
2017-05-18 13:42:22.583 -05:00 [Fatal] Failed to create client channel to server.
System.ServiceModel.EndpointNotFoundException: There was no endpoint listening at net.pipe://localhost/chocolateygui that could accept the message. This is often caused by an incorrect address or SOAP action. See InnerException, if present, for more details. ---> System.IO.PipeException: The pipe endpoint 'net.pipe://localhost/chocolateygui' could not be found on your local machine. 
   --- End of inner exception stack trace ---

Server stack trace: 
   at System.ServiceModel.Channels.PipeConnectionInitiator.GetPipeName(Uri uri, IPipeTransportFactorySettings transportFactorySettings)
   at System.ServiceModel.Channels.NamedPipeConnectionPoolRegistry.NamedPipeConnectionPool.GetPoolKey(EndpointAddress address, Uri via)
   at System.ServiceModel.Channels.CommunicationPool`2.TakeConnection(EndpointAddress address, Uri via, TimeSpan timeout, TKey& key)
   at System.ServiceModel.Channels.ConnectionPoolHelper.EstablishConnection(TimeSpan timeout)
   at System.ServiceModel.Channels.ClientFramingDuplexSessionChannel.OnOpen(TimeSpan timeout)
   at System.ServiceModel.Channels.CommunicationObject.Open(TimeSpan timeout)
   at System.ServiceModel.Channels.ServiceChannel.OnOpen(TimeSpan timeout)
   at System.ServiceModel.Channels.CommunicationObject.Open(TimeSpan timeout)
   at System.ServiceModel.Channels.ServiceChannel.CallOpenOnce.System.ServiceModel.Channels.ServiceChannel.ICallOnce.Call(ServiceChannel channel, TimeSpan timeout)
   at System.ServiceModel.Channels.ServiceChannel.CallOnceManager.CallOnce(TimeSpan timeout, CallOnceManager cascade)
   at System.ServiceModel.Channels.ServiceChannel.Call(String action, Boolean oneway, ProxyOperationRuntime operation, Object[] ins, Object[] outs, TimeSpan timeout)
   at System.ServiceModel.Channels.ServiceChannelProxy.InvokeService(IMethodCallMessage methodCall, ProxyOperationRuntime operation)
   at System.ServiceModel.Channels.ServiceChannelProxy.Invoke(IMessage message)

Exception rethrown at [0]: 
   at System.Runtime.Remoting.Proxies.RealProxy.HandleReturnMessage(IMessage reqMsg, IMessage retMsg)
   at System.Runtime.Remoting.Proxies.RealProxy.PrivateInvoke(MessageData& msgData, Int32 type)
   at ChocolateyGui.IIpcChocolateyService.Register()
   at ChocolateyGui.Services.ChocolateyRemotePackageService.CreateClient() in C:\projects\chocolateygui\Source\ChocolateyGui\Services\ChocolateyRemotePackageService.cs:line 407
   at ChocolateyGui.Services.ChocolateyRemotePackageService.<InitializeImpl>d__32.MoveNext() in C:\projects\chocolateygui\Source\ChocolateyGui\Services\ChocolateyRemotePackageService.cs:line 339
--- End of stack trace from previous location where exception was thrown ---
   at System.Runtime.CompilerServices.TaskAwaiter.ThrowForNonSuccess(Task task)
   at System.Runtime.CompilerServices.TaskAwaiter.HandleNonSuccessAndDebuggerNotification(Task task)
   at ChocolateyGui.Services.ChocolateyRemotePackageService.<Initialize>d__31.MoveNext() in C:\projects\chocolateygui\Source\ChocolateyGui\Services\ChocolateyRemotePackageService.cs:line 294
--- End of stack trace from previous location where exception was thrown ---
   at System.Runtime.CompilerServices.TaskAwaiter.ThrowForNonSuccess(Task task)
   at System.Runtime.CompilerServices.TaskAwaiter.HandleNonSuccessAndDebuggerNotification(Task task)
   at ChocolateyGui.Services.ChocolateyRemotePackageService.<InstallPackage>d__15.MoveNext() in C:\projects\chocolateygui\Source\ChocolateyGui\Services\ChocolateyRemotePackageService.cs:line 97
--- End of stack trace from previous location where exception was thrown ---
   at System.Runtime.CompilerServices.TaskAwaiter.ThrowForNonSuccess(Task task)
   at System.Runtime.CompilerServices.TaskAwaiter.HandleNonSuccessAndDebuggerNotification(Task task)
   at ChocolateyGui.ViewModels.Items.PackageViewModel.<Install>d__141.MoveNext() in C:\projects\chocolateygui\Source\ChocolateyGui\ViewModels\Items\PackageViewModel.cs:line 332
2017-05-18 13:42:22.584 -05:00 [Fatal] Failed to initialize the chocolatey server.
System.ServiceModel.EndpointNotFoundException: There was no endpoint listening at net.pipe://localhost/chocolateygui that could accept the message. This is often caused by an incorrect address or SOAP action. See InnerException, if present, for more details. ---> System.IO.PipeException: The pipe endpoint 'net.pipe://localhost/chocolateygui' could not be found on your local machine. 
   --- End of inner exception stack trace ---

Server stack trace: 
   at System.ServiceModel.Channels.PipeConnectionInitiator.GetPipeName(Uri uri, IPipeTransportFactorySettings transportFactorySettings)
   at System.ServiceModel.Channels.NamedPipeConnectionPoolRegistry.NamedPipeConnectionPool.GetPoolKey(EndpointAddress address, Uri via)
   at System.ServiceModel.Channels.CommunicationPool`2.TakeConnection(EndpointAddress address, Uri via, TimeSpan timeout, TKey& key)
   at System.ServiceModel.Channels.ConnectionPoolHelper.EstablishConnection(TimeSpan timeout)
   at System.ServiceModel.Channels.ClientFramingDuplexSessionChannel.OnOpen(TimeSpan timeout)
   at System.ServiceModel.Channels.CommunicationObject.Open(TimeSpan timeout)
   at System.ServiceModel.Channels.ServiceChannel.OnOpen(TimeSpan timeout)
   at System.ServiceModel.Channels.CommunicationObject.Open(TimeSpan timeout)
   at System.ServiceModel.Channels.ServiceChannel.CallOpenOnce.System.ServiceModel.Channels.ServiceChannel.ICallOnce.Call(ServiceChannel channel, TimeSpan timeout)
   at System.ServiceModel.Channels.ServiceChannel.CallOnceManager.CallOnce(TimeSpan timeout, CallOnceManager cascade)
   at System.ServiceModel.Channels.ServiceChannel.Call(String action, Boolean oneway, ProxyOperationRuntime operation, Object[] ins, Object[] outs, TimeSpan timeout)
   at System.ServiceModel.Channels.ServiceChannelProxy.InvokeService(IMethodCallMessage methodCall, ProxyOperationRuntime operation)
   at System.ServiceModel.Channels.ServiceChannelProxy.Invoke(IMessage message)

Exception rethrown at [0]: 
   at System.Runtime.Remoting.Proxies.RealProxy.HandleReturnMessage(IMessage reqMsg, IMessage retMsg)
   at System.Runtime.Remoting.Proxies.RealProxy.PrivateInvoke(MessageData& msgData, Int32 type)
   at ChocolateyGui.IIpcChocolateyService.Register()
   at ChocolateyGui.Services.ChocolateyRemotePackageService.CreateClient() in C:\projects\chocolateygui\Source\ChocolateyGui\Services\ChocolateyRemotePackageService.cs:line 407
   at ChocolateyGui.Services.ChocolateyRemotePackageService.<InitializeImpl>d__32.MoveNext() in C:\projects\chocolateygui\Source\ChocolateyGui\Services\ChocolateyRemotePackageService.cs:line 339
--- End of stack trace from previous location where exception was thrown ---
   at System.Runtime.CompilerServices.TaskAwaiter.ThrowForNonSuccess(Task task)
   at System.Runtime.CompilerServices.TaskAwaiter.HandleNonSuccessAndDebuggerNotification(Task task)
   at ChocolateyGui.Services.ChocolateyRemotePackageService.<Initialize>d__31.MoveNext() in C:\projects\chocolateygui\Source\ChocolateyGui\Services\ChocolateyRemotePackageService.cs:line 294
--- End of stack trace from previous location where exception was thrown ---
   at System.Runtime.CompilerServices.TaskAwaiter.ThrowForNonSuccess(Task task)
   at System.Runtime.CompilerServices.TaskAwaiter.HandleNonSuccessAndDebuggerNotification(Task task)
   at ChocolateyGui.Services.ChocolateyRemotePackageService.<InstallPackage>d__15.MoveNext() in C:\projects\chocolateygui\Source\ChocolateyGui\Services\ChocolateyRemotePackageService.cs:line 97
--- End of stack trace from previous location where exception was thrown ---
   at System.Runtime.CompilerServices.TaskAwaiter.ThrowForNonSuccess(Task task)
   at System.Runtime.CompilerServices.TaskAwaiter.HandleNonSuccessAndDebuggerNotification(Task task)
   at ChocolateyGui.ViewModels.Items.PackageViewModel.<Install>d__141.MoveNext() in C:\projects\chocolateygui\Source\ChocolateyGui\ViewModels\Items\PackageViewModel.cs:line 332
2017-05-18 13:42:22.587 -05:00 [Error] Ran into an error while installing "sysinternals", version "2017.5.16.20170518".
System.ServiceModel.EndpointNotFoundException: There was no endpoint listening at net.pipe://localhost/chocolateygui that could accept the message. This is often caused by an incorrect address or SOAP action. See InnerException, if present, for more details. ---> System.IO.PipeException: The pipe endpoint 'net.pipe://localhost/chocolateygui' could not be found on your local machine. 
   --- End of inner exception stack trace ---

Server stack trace: 
   at System.ServiceModel.Channels.PipeConnectionInitiator.GetPipeName(Uri uri, IPipeTransportFactorySettings transportFactorySettings)
   at System.ServiceModel.Channels.NamedPipeConnectionPoolRegistry.NamedPipeConnectionPool.GetPoolKey(EndpointAddress address, Uri via)
   at System.ServiceModel.Channels.CommunicationPool`2.TakeConnection(EndpointAddress address, Uri via, TimeSpan timeout, TKey& key)
   at System.ServiceModel.Channels.ConnectionPoolHelper.EstablishConnection(TimeSpan timeout)
   at System.ServiceModel.Channels.ClientFramingDuplexSessionChannel.OnOpen(TimeSpan timeout)
   at System.ServiceModel.Channels.CommunicationObject.Open(TimeSpan timeout)
   at System.ServiceModel.Channels.ServiceChannel.OnOpen(TimeSpan timeout)
   at System.ServiceModel.Channels.CommunicationObject.Open(TimeSpan timeout)
   at System.ServiceModel.Channels.ServiceChannel.CallOpenOnce.System.ServiceModel.Channels.ServiceChannel.ICallOnce.Call(ServiceChannel channel, TimeSpan timeout)
   at System.ServiceModel.Channels.ServiceChannel.CallOnceManager.CallOnce(TimeSpan timeout, CallOnceManager cascade)
   at System.ServiceModel.Channels.ServiceChannel.Call(String action, Boolean oneway, ProxyOperationRuntime operation, Object[] ins, Object[] outs, TimeSpan timeout)
   at System.ServiceModel.Channels.ServiceChannelProxy.InvokeService(IMethodCallMessage methodCall, ProxyOperationRuntime operation)
   at System.ServiceModel.Channels.ServiceChannelProxy.Invoke(IMessage message)

Exception rethrown at [0]: 
   at System.Runtime.Remoting.Proxies.RealProxy.HandleReturnMessage(IMessage reqMsg, IMessage retMsg)
   at System.Runtime.Remoting.Proxies.RealProxy.PrivateInvoke(MessageData& msgData, Int32 type)
   at ChocolateyGui.IIpcChocolateyService.Register()
   at ChocolateyGui.Services.ChocolateyRemotePackageService.CreateClient() in C:\projects\chocolateygui\Source\ChocolateyGui\Services\ChocolateyRemotePackageService.cs:line 407
   at ChocolateyGui.Services.ChocolateyRemotePackageService.<InitializeImpl>d__32.MoveNext() in C:\projects\chocolateygui\Source\ChocolateyGui\Services\ChocolateyRemotePackageService.cs:line 339
--- End of stack trace from previous location where exception was thrown ---
   at System.Runtime.CompilerServices.TaskAwaiter.ThrowForNonSuccess(Task task)
   at System.Runtime.CompilerServices.TaskAwaiter.HandleNonSuccessAndDebuggerNotification(Task task)
   at ChocolateyGui.Services.ChocolateyRemotePackageService.<Initialize>d__31.MoveNext() in C:\projects\chocolateygui\Source\ChocolateyGui\Services\ChocolateyRemotePackageService.cs:line 294
--- End of stack trace from previous location where exception was thrown ---
   at System.Runtime.CompilerServices.TaskAwaiter.ThrowForNonSuccess(Task task)
   at System.Runtime.CompilerServices.TaskAwaiter.HandleNonSuccessAndDebuggerNotification(Task task)
   at ChocolateyGui.Services.ChocolateyRemotePackageService.<InstallPackage>d__15.MoveNext() in C:\projects\chocolateygui\Source\ChocolateyGui\Services\ChocolateyRemotePackageService.cs:line 97
--- End of stack trace from previous location where exception was thrown ---
   at System.Runtime.CompilerServices.TaskAwaiter.ThrowForNonSuccess(Task task)
   at System.Runtime.CompilerServices.TaskAwaiter.HandleNonSuccessAndDebuggerNotification(Task task)
   at ChocolateyGui.ViewModels.Items.PackageViewModel.<Install>d__141.MoveNext() in C:\projects\chocolateygui\Source\ChocolateyGui\ViewModels\Items\PackageViewModel.cs:line 332
